#
# A fatal error has been detected by the Java Runtime Environment:
#
#  SIGSEGV (0xb) at pc=0x00007fff8c44545c, pid=1210, tid=2571
#
# JRE version: Java(TM) SE Runtime Environment (8.0_91-b14) (build 1.8.0_91-b14)
# Java VM: Java HotSpot(TM) 64-Bit Server VM (25.91-b14 mixed mode bsd-amd64 compressed oops)
# Problematic frame:
# C  [libsystem_pthread.dylib+0x145c]  pthread_mutex_lock+0x0
#
# Failed to write core dump. Core dumps have been disabled. To enable core dumping, try "ulimit -c unlimited" before starting Java again
#
# If you would like to submit a bug report, please visit:
#   http://bugreport.java.com/bugreport/crash.jsp
# The crash happened outside the Java Virtual Machine in native code.
# See problematic frame for where to report the bug.
#

---------------  T H R E A D  ---------------

Current thread (0x00007faedb8d1000):  JavaThread "JavaFX Application Thread" [_thread_in_native, id=2571, stack(0x00007fff5410f000,0x00007fff5490f000)]

siginfo: si_signo: 11 (SIGSEGV), si_code: 1 (SEGV_MAPERR), si_addr: 0x0000000000000020

Registers:
RAX=0x0000000000000000, RBX=0x0000000000000000, RCX=0x000000012939b430, RDX=0x00007faed9c13760
RSP=0x00007fff54908e08, RBP=0x00007fff54908e50, RSI=0x00007fff54908874, RDI=0x0000000000000020
R8 =0x00000000fffffff4, R9 =0x000000000000000c, R10=0x00007faed9c137d8, R11=0x0000000000000000
R12=0x0000000000000000, R13=0x000000010b883fc2, R14=0x00007fff54908f10, R15=0x0000000000000020
RIP=0x00007fff8c44545c, EFLAGS=0x0000000000010246, ERR=0x0000000000000004
  TRAPNO=0x000000000000000e

Top of Stack: (sp=0x00007fff54908e08)
0x00007fff54908e08:   000000012938a3b9 00007fff54908e50
0x00007fff54908e18:   00007fff54908e60 00007faedc406ff0
0x00007fff54908e28:   0000000000000000 00007faedb8d11f8
0x00007fff54908e38:   000000010b883fc2 00007fff54908f10
0x00007fff54908e48:   0000000000000000 00007fff54908e90
0x00007fff54908e58:   0000000129384cae 0000000129384c00
0x00007fff54908e68:   000000012125e3b0 0000000000000000
0x00007fff54908e78:   000000012125e3b0 00007fff54908f18
0x00007fff54908e88:   00007faedb8d1000 00007fff54908ef0
0x00007fff54908e98:   000000010ce1fc64 000000010ce318c3
0x00007fff54908ea8:   000000010ce1f6e2 00007fff54908eb0
0x00007fff54908eb8:   000000012125e3b0 00007fff54908f18
0x00007fff54908ec8:   0000000121262900 0000000000000000
0x00007fff54908ed8:   000000012125e3b0 0000000000000000
0x00007fff54908ee8:   00007fff54908f10 00007fff54908f60
0x00007fff54908ef8:   000000010ce07d80 0000000796f8b558
0x00007fff54908f08:   000000010ce16476 000000079700ac58
0x00007fff54908f18:   0000000000000000 00007fff54908f20
0x00007fff54908f28:   00000001212590a2 00007fff54908f80
0x00007fff54908f38:   000000012125a428 0000000000000000
0x00007fff54908f48:   00000001212590e8 00007fff54908f10
0x00007fff54908f58:   00007fff54908f80 00007fff54908fc8
0x00007fff54908f68:   000000010ce080c0 0000000000000000
0x00007fff54908f78:   000000079700ac58 0000000796276020
0x00007fff54908f88:   00007fff54908f88 00000001212593a7
0x00007fff54908f98:   00007fff54908fe0 000000012125a428
0x00007fff54908fa8:   0000000000000000 0000000121259428
0x00007fff54908fb8:   00007fff54908f80 00007fff54908fe0
0x00007fff54908fc8:   00007fff54909028 000000010ce0833d
0x00007fff54908fd8:   0000000000000000 0000000796276020
0x00007fff54908fe8:   00007fff54908fe8 0000000128085f3c
0x00007fff54908ff8:   00007fff54909038 0000000128086028 

Instructions: (pc=0x00007fff8c44545c)
0x00007fff8c44543c:   89 df e8 29 63 00 00 48 85 c0 0f 95 c0 0f b6 c0
0x00007fff8c44544c:   89 05 a2 24 d9 ed 48 83 c4 08 5b 5d c3 90 90 90
0x00007fff8c44545c:   48 81 3f 5a 54 55 4d 75 57 4c 8d 47 1f 49 83 e0
0x00007fff8c44546c:   f8 65 48 8b 04 25 00 00 00 00 4c 8b 48 20 4c 8d 

Register to memory mapping:

RAX=0x0000000000000000 is an unknown value
RBX=0x0000000000000000 is an unknown value
RCX=0x000000012939b430: libusb_hotplug_deregister_callback+0xb690 in /private/var/folders/g6/1vwbdby55t5d88hbb1mzyhh80000gn/T/usb4java5207997259051014695.tmp/libusb4java.dylib at 0x0000000129383000
RDX=0x00007faed9c13760 is an unknown value
RSP=0x00007fff54908e08 is pointing into the stack for thread: 0x00007faedb8d1000
RBP=0x00007fff54908e50 is pointing into the stack for thread: 0x00007faedb8d1000
RSI=0x00007fff54908874 is pointing into the stack for thread: 0x00007faedb8d1000
RDI=0x0000000000000020 is an unknown value
R8 =0x00000000fffffff4 is an unknown value
R9 =0x000000000000000c is an unknown value
R10=0x00007faed9c137d8 is an unknown value
R11=0x0000000000000000 is an unknown value
R12=0x0000000000000000 is an unknown value
R13=0x000000010b883fc2: jni_GetLongField+0 in /Library/Java/JavaVirtualMachines/jdk1.8.0_91.jdk/Contents/Home/jre/lib/server/libjvm.dylib at 0x000000010b573000
R14=0x00007fff54908f10 is pointing into the stack for thread: 0x00007faedb8d1000
R15=0x0000000000000020 is an unknown value


Stack: [0x00007fff5410f000,0x00007fff5490f000],  sp=0x00007fff54908e08,  free space=8167k
Native frames: (J=compiled Java code, j=interpreted, Vv=VM code, C=native code)
C  [libsystem_pthread.dylib+0x145c]  pthread_mutex_lock+0x0
C  [libusb4java.dylib+0x1cae]  Java_org_usb4java_LibUsb_getDeviceList+0xae
j  org.usb4java.LibUsb.getDeviceList(Lorg/usb4java/Context;Lorg/usb4java/DeviceList;)I+0
j  sample.controllers.MainController.findDeviceOnMac()Lorg/usb4java/Device;+10
j  sample.controllers.MainController.lambda$macHandler$3()V+15
j  sample.controllers.MainController$$Lambda$105.run()V+4
j  com.sun.javafx.application.PlatformImpl.lambda$null$173(Ljava/lang/Runnable;)Ljava/lang/Void;+1
j  com.sun.javafx.application.PlatformImpl$$Lambda$49.run()Ljava/lang/Object;+4
v  ~StubRoutines::call_stub
V  [libjvm.dylib+0x2ec1e6]  JavaCalls::call_helper(JavaValue*, methodHandle*, JavaCallArguments*, Thread*)+0x6ae
V  [libjvm.dylib+0x34c8e0]  JVM_DoPrivileged+0x4b8
j  java.security.AccessController.doPrivileged(Ljava/security/PrivilegedAction;Ljava/security/AccessControlContext;)Ljava/lang/Object;+0
j  com.sun.javafx.application.PlatformImpl.lambda$runLater$174(Ljava/lang/Runnable;Ljava/security/AccessControlContext;)V+7
j  com.sun.javafx.application.PlatformImpl$$Lambda$48.run()V+8
j  com.sun.glass.ui.InvokeLaterDispatcher$Future.run()V+4
v  ~StubRoutines::call_stub
V  [libjvm.dylib+0x2ec1e6]  JavaCalls::call_helper(JavaValue*, methodHandle*, JavaCallArguments*, Thread*)+0x6ae
V  [libjvm.dylib+0x323355]  jni_invoke_nonstatic(JNIEnv_*, JavaValue*, _jobject*, JNICallType, _jmethodID*, JNI_ArgumentPusher*, Thread*)+0x2ec
V  [libjvm.dylib+0x315b23]  jni_CallVoidMethod+0x16b
C  [libglass.dylib+0x45ab]  -[GlassRunnable run]+0x6b
C  [Foundation+0x76f5e]  __NSThreadPerformPerform+0x117
C  [CoreFoundation+0xaa881]  __CFRUNLOOP_IS_CALLING_OUT_TO_A_SOURCE0_PERFORM_FUNCTION__+0x11
C  [CoreFoundation+0x89fbc]  __CFRunLoopDoSources0+0x22c
C  [CoreFoundation+0x894df]  __CFRunLoopRun+0x39f
C  [CoreFoundation+0x88ed8]  CFRunLoopRunSpecific+0x128
C  [HIToolbox+0x30935]  RunCurrentEventLoopInMode+0xeb
C  [HIToolbox+0x30677]  ReceiveNextEventCommon+0xb8
C  [HIToolbox+0x305af]  _BlockUntilNextEventMatchingListInModeWithFilter+0x47
C  [AppKit+0x48efa]  _DPSNextEvent+0x42b
C  [AppKit+0x4832a]  -[NSApplication _nextEventMatchingEventMask:untilDate:inMode:dequeue:]+0x1c6
C  [AppKit+0x3ce84]  -[NSApplication run]+0x2aa
C  [libglass.dylib+0x655c]  -[GlassApplication runLoop:]+0x72c
C  [Foundation+0x76f5e]  __NSThreadPerformPerform+0x117
C  [CoreFoundation+0xaa881]  __CFRUNLOOP_IS_CALLING_OUT_TO_A_SOURCE0_PERFORM_FUNCTION__+0x11
C  [CoreFoundation+0x89fbc]  __CFRunLoopDoSources0+0x22c
C  [CoreFoundation+0x894df]  __CFRunLoopRun+0x39f
C  [CoreFoundation+0x88ed8]  CFRunLoopRunSpecific+0x128
C  [java+0x6463]  CreateExecutionEnvironment+0x367
C  [java+0x21ac]  JLI_Launch+0x7a0
C  [java+0x84c0]  main+0x65
C  [java+0x1a04]  start+0x34
C  0x0000000000000006

Java frames: (J=compiled Java code, j=interpreted, Vv=VM code)
j  org.usb4java.LibUsb.getDeviceList(Lorg/usb4java/Context;Lorg/usb4java/DeviceList;)I+0
j  sample.controllers.MainController.findDeviceOnMac()Lorg/usb4java/Device;+10
j  sample.controllers.MainController.lambda$macHandler$3()V+15
j  sample.controllers.MainController$$Lambda$105.run()V+4
j  com.sun.javafx.application.PlatformImpl.lambda$null$173(Ljava/lang/Runnable;)Ljava/lang/Void;+1
j  com.sun.javafx.application.PlatformImpl$$Lambda$49.run()Ljava/lang/Object;+4
v  ~StubRoutines::call_stub
j  java.security.AccessController.doPrivileged(Ljava/security/PrivilegedAction;Ljava/security/AccessControlContext;)Ljava/lang/Object;+0
j  com.sun.javafx.application.PlatformImpl.lambda$runLater$174(Ljava/lang/Runnable;Ljava/security/AccessControlContext;)V+7
j  com.sun.javafx.application.PlatformImpl$$Lambda$48.run()V+8
j  com.sun.glass.ui.InvokeLaterDispatcher$Future.run()V+4
v  ~StubRoutines::call_stub

---------------  P R O C E S S  ---------------

Java Threads: ( => current thread )
  0x00007faedb969800 JavaThread "Prism Font Disposer" daemon [_thread_blocked, id=53767, stack(0x0000700001868000,0x0000700001968000)]
  0x00007faedb915800 JavaThread "JavaFX-Launcher" [_thread_blocked, id=50691, stack(0x0000700001765000,0x0000700001865000)]
  0x00007faeda94a000 JavaThread "Thread-3" daemon [_thread_in_native, id=38659, stack(0x000070000165f000,0x00007000016df000)]
=>0x00007faedb8d1000 JavaThread "JavaFX Application Thread" [_thread_in_native, id=2571, stack(0x00007fff5410f000,0x00007fff5490f000)]
  0x00007faeda168800 JavaThread "Thread-1" daemon [_thread_blocked, id=26387, stack(0x0000700001456000,0x0000700001556000)]
  0x00007faedb8a4000 JavaThread "QuantumRenderer-0" daemon [_thread_blocked, id=21251, stack(0x0000700001353000,0x0000700001453000)]
  0x00007faeda025000 JavaThread "Service Thread" daemon [_thread_blocked, id=20227, stack(0x000070000114d000,0x000070000124d000)]
  0x00007faedb800000 JavaThread "C1 CompilerThread2" daemon [_thread_blocked, id=19715, stack(0x000070000104a000,0x000070000114a000)]
  0x00007faedb818000 JavaThread "C2 CompilerThread1" daemon [_thread_blocked, id=19203, stack(0x0000700000f47000,0x0000700001047000)]
  0x00007faedb024000 JavaThread "C2 CompilerThread0" daemon [_thread_blocked, id=18691, stack(0x0000700000e44000,0x0000700000f44000)]
  0x00007faedb023800 JavaThread "JDWP Command Reader" daemon [_thread_in_native, id=18179, stack(0x0000700000d41000,0x0000700000e41000)]
  0x00007faedb816000 JavaThread "JDWP Event Helper Thread" daemon [_thread_blocked, id=17667, stack(0x0000700000c3e000,0x0000700000d3e000)]
  0x00007faeda005800 JavaThread "JDWP Transport Listener: dt_socket" daemon [_thread_blocked, id=17155, stack(0x0000700000b3b000,0x0000700000c3b000)]
  0x00007faedb022800 JavaThread "Signal Dispatcher" daemon [_thread_blocked, id=13583, stack(0x0000700000a38000,0x0000700000b38000)]
  0x00007faedb815000 JavaThread "Finalizer" daemon [_thread_blocked, id=12803, stack(0x000070000082f000,0x000070000092f000)]
  0x00007faeda85c800 JavaThread "Reference Handler" daemon [_thread_blocked, id=12291, stack(0x000070000072c000,0x000070000082c000)]
  0x00007faedb801800 JavaThread "main" [_thread_blocked, id=6403, stack(0x000070000011a000,0x000070000021a000)]

Other Threads:
  0x00007faedb80b000 VMThread [stack: 0x0000700000629000,0x0000700000729000] [id=11779]
  0x00007faedb087800 WatcherThread [stack: 0x0000700001250000,0x0000700001350000] [id=20739]

VM state:not at safepoint (normal execution)

VM Mutex/Monitor currently owned by a thread: None

Heap:
 PSYoungGen      total 38400K, used 28696K [0x0000000795580000, 0x0000000798000000, 0x00000007c0000000)
  eden space 33280K, 86% used [0x0000000795580000,0x0000000797186140,0x0000000797600000)
  from space 5120K, 0% used [0x0000000797b00000,0x0000000797b00000,0x0000000798000000)
  to   space 5120K, 0% used [0x0000000797600000,0x0000000797600000,0x0000000797b00000)
 ParOldGen       total 87552K, used 0K [0x0000000740000000, 0x0000000745580000, 0x0000000795580000)
  object space 87552K, 0% used [0x0000000740000000,0x0000000740000000,0x0000000745580000)
 Metaspace       used 13636K, capacity 14064K, committed 14336K, reserved 1060864K
  class space    used 1817K, capacity 1932K, committed 2048K, reserved 1048576K

Card table byte_map: [0x000000011c1c0000,0x000000011c5c1000] byte_map_base: 0x00000001187c0000

Marking Bits: (ParMarkBitMap*) 0x000000010be59eb0
 Begin Bits: [0x000000011c86c000, 0x000000011e86c000)
 End Bits:   [0x000000011e86c000, 0x000000012086c000)

Polling page: 0x000000010c54e000

CodeCache: size=245760Kb used=3296Kb max_used=3312Kb free=242463Kb
 bounds [0x000000010ce00000, 0x000000010d150000, 0x000000011be00000]
 total_blobs=1439 nmethods=861 adapters=500
 compilation: enabled

Compilation events (10 events):
Event: 1.784 Thread 0x00007faedb800000  858       3       java.util.Vector::elementData (7 bytes)
Event: 1.784 Thread 0x00007faedb800000 nmethod 858 0x000000010d12fe50 code [0x000000010d12ffc0, 0x000000010d130150]
Event: 1.790 Thread 0x00007faedb800000  859       3       java.io.File::<init> (47 bytes)
Event: 1.791 Thread 0x00007faedb800000 nmethod 859 0x000000010d134ed0 code [0x000000010d1350c0, 0x000000010d1357e8]
Event: 1.792 Thread 0x00007faedb024000 nmethod 807 0x000000010d135bd0 code [0x000000010d135ec0, 0x000000010d137cf8]
Event: 1.792 Thread 0x00007faedb024000  823       4       java.lang.AbstractStringBuilder::<init> (12 bytes)
Event: 1.794 Thread 0x00007faedb024000 nmethod 823 0x000000010d131e50 code [0x000000010d131fa0, 0x000000010d1320d8]
Event: 1.806 Thread 0x00007faedb818000 nmethod 822 0x000000010d13c790 code [0x000000010d13ca80, 0x000000010d13e5d8]
Event: 1.817 Thread 0x00007faedb800000  861       1       com.sun.prism.PixelFormat$DataType::getSizeInBytes (5 bytes)
Event: 1.817 Thread 0x00007faedb800000 nmethod 861 0x000000010d131610 code [0x000000010d131760, 0x000000010d131870]

GC Heap History (0 events):
No events

Deoptimization events (10 events):
Event: 1.236 Thread 0x00007faedb8d1000 Uncommon trap: reason=class_check action=maybe_recompile pc=0x000000010d0678d8 method=java.io.DataInputStream.readShort()S @ 4
Event: 1.247 Thread 0x00007faedb8d1000 Uncommon trap: reason=class_check action=maybe_recompile pc=0x000000010cf21d84 method=java.lang.String.equals(Ljava/lang/Object;)Z @ 8
Event: 1.247 Thread 0x00007faedb8d1000 Uncommon trap: reason=class_check action=maybe_recompile pc=0x000000010cf21d84 method=java.lang.String.equals(Ljava/lang/Object;)Z @ 8
Event: 1.247 Thread 0x00007faedb8d1000 Uncommon trap: reason=class_check action=maybe_recompile pc=0x000000010cf21d84 method=java.lang.String.equals(Ljava/lang/Object;)Z @ 8
Event: 1.490 Thread 0x00007faedb8d1000 Uncommon trap: reason=unstable_if action=reinterpret pc=0x000000010d019020 method=java.lang.CharacterData.of(I)Ljava/lang/CharacterData; @ 4
Event: 1.495 Thread 0x00007faedb8d1000 Uncommon trap: reason=uninitialized action=reinterpret pc=0x000000010d0e8d70 method=java.lang.CharacterData.of(I)Ljava/lang/CharacterData; @ 96
Event: 1.535 Thread 0x00007faedb8d1000 Uncommon trap: reason=unstable_if action=reinterpret pc=0x000000010d0f9f0c method=java.util.HashMap.putVal(ILjava/lang/Object;Ljava/lang/Object;ZZ)Ljava/lang/Object; @ 193
Event: 1.537 Thread 0x00007faedb8d1000 Uncommon trap: reason=class_check action=maybe_recompile pc=0x000000010cf21d84 method=java.lang.String.equals(Ljava/lang/Object;)Z @ 8
Event: 1.619 Thread 0x00007faedb8d1000 Uncommon trap: reason=unstable_if action=reinterpret pc=0x000000010d0c9628 method=sun.net.www.ParseUtil.encodePath(Ljava/lang/String;Z)Ljava/lang/String; @ 109
Event: 1.629 Thread 0x00007faedb8d1000 Uncommon trap: reason=unstable_if action=reinterpret pc=0x000000010d0ca968 method=java.lang.String.indexOf([CII[CIII)I @ 3

Internal exceptions (10 events):
Event: 0.419 Thread 0x00007faedb801800 Exception <a 'java/security/PrivilegedActionException'> (0x0000000795924b98) thrown at [/Users/java_re/workspace/8-2-build-macosx-x86_64/jdk8u91/6644/hotspot/src/share/vm/prims/jvm.cpp, line 1386]
Event: 0.419 Thread 0x00007faedb801800 Exception <a 'java/security/PrivilegedActionException'> (0x0000000795924da8) thrown at [/Users/java_re/workspace/8-2-build-macosx-x86_64/jdk8u91/6644/hotspot/src/share/vm/prims/jvm.cpp, line 1386]
Event: 0.419 Thread 0x00007faedb801800 Exception <a 'java/lang/NullPointerException'> (0x0000000795925598) thrown at [/Users/java_re/workspace/8-2-build-macosx-x86_64/jdk8u91/6644/hotspot/src/share/vm/interpreter/linkResolver.cpp, line 1178]
Event: 0.891 Thread 0x00007faedb8d1000 Exception <a 'java/lang/NullPointerException'> (0x00000007963bb128) thrown at [/Users/java_re/workspace/8-2-build-macosx-x86_64/jdk8u91/6644/hotspot/src/share/vm/interpreter/linkResolver.cpp, line 1178]
Event: 0.891 Thread 0x00007faedb8d1000 Exception <a 'java/lang/NullPointerException'> (0x00000007963bb128) thrown at [/Users/java_re/workspace/8-2-build-macosx-x86_64/jdk8u91/6644/hotspot/src/share/vm/prims/jvm.cpp, line 1390]
Event: 0.957 Thread 0x00007faedb8d1000 Exception <a 'java/lang/ArrayIndexOutOfBoundsException': 78> (0x0000000796558b48) thrown at [/Users/java_re/workspace/8-2-build-macosx-x86_64/jdk8u91/6644/hotspot/src/share/vm/interpreter/interpreterRuntime.cpp, line 366]
Event: 0.958 Thread 0x00007faedb8d1000 Exception <a 'java/lang/ArrayIndexOutOfBoundsException': 18> (0x0000000796559838) thrown at [/Users/java_re/workspace/8-2-build-macosx-x86_64/jdk8u91/6644/hotspot/src/share/vm/interpreter/interpreterRuntime.cpp, line 366]
Event: 0.959 Thread 0x00007faedb8d1000 Exception <a 'java/lang/ArrayIndexOutOfBoundsException': 86> (0x000000079655abe0) thrown at [/Users/java_re/workspace/8-2-build-macosx-x86_64/jdk8u91/6644/hotspot/src/share/vm/interpreter/interpreterRuntime.cpp, line 366]
Event: 0.967 Thread 0x00007faedb8d1000 Exception <a 'java/lang/ArrayIndexOutOfBoundsException': 75> (0x00000007965a2978) thrown at [/Users/java_re/workspace/8-2-build-macosx-x86_64/jdk8u91/6644/hotspot/src/share/vm/interpreter/interpreterRuntime.cpp, line 366]
Event: 1.061 Thread 0x00007faedb8d1000 Exception <a 'java/lang/ArrayIndexOutOfBoundsException'> (0x0000000796881b18) thrown at [/Users/java_re/workspace/8-2-build-macosx-x86_64/jdk8u91/6644/hotspot/src/share/vm/runtime/sharedRuntime.cpp, line 605]

Events (10 events):
Event: 1.823 loading class com/sun/prism/shader/Solid_TextureRGB_Loader
Event: 1.823 loading class com/sun/prism/shader/Solid_TextureRGB_Loader done
Event: 2.804 loading class org/usb4java/DeviceList
Event: 2.804 loading class org/usb4java/DeviceList done
Event: 2.804 Thread 0x00007faedb8d1000 DEOPT PACKING pc=0x000000010d026fb1 sp=0x00007fff54907c40
Event: 2.804 Thread 0x00007faedb8d1000 DEOPT UNPACKING pc=0x000000010ce47633 sp=0x00007fff549079b0 mode 1
Event: 2.804 Thread 0x00007faedb8d1000 DEOPT PACKING pc=0x000000010cf7cd94 sp=0x00007fff54907cc0
Event: 2.804 Thread 0x00007faedb8d1000 DEOPT UNPACKING pc=0x000000010ce47633 sp=0x00007fff54907b00 mode 1
Event: 2.804 Thread 0x00007faedb8d1000 DEOPT PACKING pc=0x000000010cf7cb34 sp=0x00007fff54907e50
Event: 2.804 Thread 0x00007faedb8d1000 DEOPT UNPACKING pc=0x000000010ce47633 sp=0x00007fff54907ca8 mode 1


Dynamic libraries:
0x0000000009e1a000 	/System/Library/Frameworks/Cocoa.framework/Versions/A/Cocoa
0x0000000009e1a000 	/System/Library/Frameworks/Security.framework/Versions/A/Security
0x0000000009e1a000 	/System/Library/Frameworks/ApplicationServices.framework/Versions/A/ApplicationServices
0x0000000009e1a000 	/usr/lib/libz.1.dylib
0x0000000009e1a000 	/usr/lib/libSystem.B.dylib
0x0000000009e1a000 	/usr/lib/libobjc.A.dylib
0x0000000009e1a000 	/System/Library/Frameworks/CoreFoundation.framework/Versions/A/CoreFoundation
0x0000000009e1a000 	/System/Library/Frameworks/Foundation.framework/Versions/C/Foundation
0x0000000009e1a000 	/System/Library/Frameworks/AppKit.framework/Versions/C/AppKit
0x0000000009e1a000 	/System/Library/Frameworks/CoreData.framework/Versions/A/CoreData
0x0000000009e1a000 	/System/Library/PrivateFrameworks/RemoteViewServices.framework/Versions/A/RemoteViewServices
0x0000000009e1a000 	/System/Library/PrivateFrameworks/UIFoundation.framework/Versions/A/UIFoundation
0x0000000009e1a000 	/usr/lib/libScreenReader.dylib
0x0000000009e1a000 	/System/Library/Frameworks/Accelerate.framework/Versions/A/Accelerate
0x0000000009e1a000 	/System/Library/Frameworks/IOSurface.framework/Versions/A/IOSurface
0x0000000009e1a000 	/System/Library/Frameworks/AudioToolbox.framework/Versions/A/AudioToolbox
0x0000000009e1a000 	/System/Library/Frameworks/AudioUnit.framework/Versions/A/AudioUnit
0x0000000009e1a000 	/System/Library/PrivateFrameworks/DataDetectorsCore.framework/Versions/A/DataDetectorsCore
0x0000000009e1a000 	/System/Library/PrivateFrameworks/DesktopServicesPriv.framework/Versions/A/DesktopServicesPriv
0x0000000009e1a000 	/System/Library/Frameworks/Carbon.framework/Versions/A/Frameworks/HIToolbox.framework/Versions/A/HIToolbox
0x0000000009e1a000 	/System/Library/Frameworks/QuartzCore.framework/Versions/A/QuartzCore
0x0000000009e1a000 	/System/Library/Frameworks/Carbon.framework/Versions/A/Frameworks/SpeechRecognition.framework/Versions/A/SpeechRecognition
0x0000000009e1a000 	/usr/lib/libauto.dylib
0x0000000009e1a000 	/usr/lib/libicucore.A.dylib
0x0000000009e1a000 	/usr/lib/libxml2.2.dylib
0x0000000009e1a000 	/System/Library/PrivateFrameworks/CoreUI.framework/Versions/A/CoreUI
0x0000000009e1a000 	/System/Library/Frameworks/CoreAudio.framework/Versions/A/CoreAudio
0x0000000009e1a000 	/System/Library/Frameworks/DiskArbitration.framework/Versions/A/DiskArbitration
0x0000000009e1a000 	/usr/lib/liblangid.dylib
0x0000000009e1a000 	/System/Library/PrivateFrameworks/MultitouchSupport.framework/Versions/A/MultitouchSupport
0x0000000009e1a000 	/System/Library/Frameworks/IOKit.framework/Versions/A/IOKit
0x0000000009e1a000 	/usr/lib/libDiagnosticMessagesClient.dylib
0x0000000009e1a000 	/System/Library/Frameworks/CoreServices.framework/Versions/A/CoreServices
0x0000000009e1a000 	/System/Library/PrivateFrameworks/PerformanceAnalysis.framework/Versions/A/PerformanceAnalysis
0x0000000009e1a000 	/System/Library/PrivateFrameworks/GenerationalStorage.framework/Versions/A/GenerationalStorage
0x0000000009e1a000 	/System/Library/Frameworks/OpenGL.framework/Versions/A/OpenGL
0x0000000009e1a000 	/System/Library/PrivateFrameworks/Sharing.framework/Versions/A/Sharing
0x0000000009e1a000 	/System/Library/Frameworks/CoreGraphics.framework/Versions/A/CoreGraphics
0x0000000009e1a000 	/System/Library/Frameworks/CoreImage.framework/Versions/A/CoreImage
0x0000000009e1a000 	/System/Library/Frameworks/CoreText.framework/Versions/A/CoreText
0x0000000009e1a000 	/System/Library/Frameworks/ImageIO.framework/Versions/A/ImageIO
0x0000000009e1a000 	/System/Library/PrivateFrameworks/Backup.framework/Versions/A/Backup
0x0000000009e1a000 	/usr/lib/libextension.dylib
0x0000000009e1a000 	/usr/lib/libarchive.2.dylib
0x0000000009e1a000 	/System/Library/Frameworks/CFNetwork.framework/Versions/A/CFNetwork
0x0000000009e1a000 	/System/Library/Frameworks/SystemConfiguration.framework/Versions/A/SystemConfiguration
0x0000000009e1a000 	/usr/lib/libCRFSuite.dylib
0x0000000009e1a000 	/usr/lib/libc++.1.dylib
0x0000000009e1a000 	/usr/lib/libc++abi.dylib
0x0000000009e1a000 	/usr/lib/system/libcache.dylib
0x0000000009e1a000 	/usr/lib/system/libcommonCrypto.dylib
0x0000000009e1a000 	/usr/lib/system/libcompiler_rt.dylib
0x0000000009e1a000 	/usr/lib/system/libcopyfile.dylib
0x0000000009e1a000 	/usr/lib/system/libcorecrypto.dylib
0x0000000009e1a000 	/usr/lib/system/libdispatch.dylib
0x0000000009e1a000 	/usr/lib/system/libdyld.dylib
0x0000000009e1a000 	/usr/lib/system/libkeymgr.dylib
0x0000000009e1a000 	/usr/lib/system/liblaunch.dylib
0x0000000009e1a000 	/usr/lib/system/libmacho.dylib
0x0000000009e1a000 	/usr/lib/system/libquarantine.dylib
0x0000000009e1a000 	/usr/lib/system/libremovefile.dylib
0x0000000009e1a000 	/usr/lib/system/libsystem_asl.dylib
0x0000000009e1a000 	/usr/lib/system/libsystem_blocks.dylib
0x0000000009e1a000 	/usr/lib/system/libsystem_c.dylib
0x0000000009e1a000 	/usr/lib/system/libsystem_configuration.dylib
0x0000000009e1a000 	/usr/lib/system/libsystem_coreservices.dylib
0x0000000009e1a000 	/usr/lib/system/libsystem_coretls.dylib
0x0000000009e1a000 	/usr/lib/system/libsystem_dnssd.dylib
0x0000000009e1a000 	/usr/lib/system/libsystem_info.dylib
0x0000000009e1a000 	/usr/lib/system/libsystem_kernel.dylib
0x0000000009e1a000 	/usr/lib/system/libsystem_m.dylib
0x0000000009e1a000 	/usr/lib/system/libsystem_malloc.dylib
0x0000000009e1a000 	/usr/lib/system/libsystem_network.dylib
0x0000000009e1a000 	/usr/lib/system/libsystem_networkextension.dylib
0x0000000009e1a000 	/usr/lib/system/libsystem_notify.dylib
0x0000000009e1a000 	/usr/lib/system/libsystem_platform.dylib
0x0000000009e1a000 	/usr/lib/system/libsystem_pthread.dylib
0x0000000009e1a000 	/usr/lib/system/libsystem_sandbox.dylib
0x0000000009e1a000 	/usr/lib/system/libsystem_secinit.dylib
0x0000000009e1a000 	/usr/lib/system/libsystem_trace.dylib
0x0000000009e1a000 	/usr/lib/system/libunc.dylib
0x0000000009e1a000 	/usr/lib/system/libunwind.dylib
0x0000000009e1a000 	/usr/lib/system/libxpc.dylib
0x0000000009e1a000 	/usr/lib/libenergytrace.dylib
0x0000000009e1a000 	/usr/lib/libbsm.0.dylib
0x0000000009e1a000 	/usr/lib/system/libkxld.dylib
0x0000000009e1a000 	/usr/lib/libxar.1.dylib
0x0000000009e1a000 	/usr/lib/libsqlite3.dylib
0x0000000009e1a000 	/usr/lib/libpam.2.dylib
0x0000000009e1a000 	/usr/lib/libOpenScriptingUtil.dylib
0x0000000009e1a000 	/usr/lib/libbz2.1.0.dylib
0x0000000009e1a000 	/usr/lib/liblzma.5.dylib
0x0000000009e1a000 	/System/Library/Frameworks/CoreServices.framework/Versions/A/Frameworks/FSEvents.framework/Versions/A/FSEvents
0x0000000009e1a000 	/System/Library/Frameworks/CoreServices.framework/Versions/A/Frameworks/CarbonCore.framework/Versions/A/CarbonCore
0x0000000009e1a000 	/System/Library/Frameworks/CoreServices.framework/Versions/A/Frameworks/Metadata.framework/Versions/A/Metadata
0x0000000009e1a000 	/System/Library/Frameworks/CoreServices.framework/Versions/A/Frameworks/OSServices.framework/Versions/A/OSServices
0x0000000009e1a000 	/System/Library/Frameworks/CoreServices.framework/Versions/A/Frameworks/SearchKit.framework/Versions/A/SearchKit
0x0000000009e1a000 	/System/Library/Frameworks/CoreServices.framework/Versions/A/Frameworks/AE.framework/Versions/A/AE
0x0000000009e1a000 	/System/Library/Frameworks/CoreServices.framework/Versions/A/Frameworks/LaunchServices.framework/Versions/A/LaunchServices
0x0000000009e1a000 	/System/Library/Frameworks/CoreServices.framework/Versions/A/Frameworks/DictionaryServices.framework/Versions/A/DictionaryServices
0x0000000009e1a000 	/System/Library/Frameworks/CoreServices.framework/Versions/A/Frameworks/SharedFileList.framework/Versions/A/SharedFileList
0x0000000009e1a000 	/System/Library/Frameworks/NetFS.framework/Versions/A/NetFS
0x0000000009e1a000 	/System/Library/PrivateFrameworks/NetAuth.framework/Versions/A/NetAuth
0x0000000009e1a000 	/System/Library/PrivateFrameworks/login.framework/Versions/A/Frameworks/loginsupport.framework/Versions/A/loginsupport
0x0000000009e1a000 	/System/Library/PrivateFrameworks/TCC.framework/Versions/A/TCC
0x0000000009e1a000 	/usr/lib/libmecabra.dylib
0x0000000009e1a000 	/System/Library/Frameworks/ApplicationServices.framework/Versions/A/Frameworks/ATS.framework/Versions/A/ATS
0x0000000009e1a000 	/System/Library/Frameworks/ApplicationServices.framework/Versions/A/Frameworks/ColorSync.framework/Versions/A/ColorSync
0x0000000009e1a000 	/System/Library/Frameworks/ApplicationServices.framework/Versions/A/Frameworks/HIServices.framework/Versions/A/HIServices
0x0000000009e1a000 	/System/Library/Frameworks/ApplicationServices.framework/Versions/A/Frameworks/LangAnalysis.framework/Versions/A/LangAnalysis
0x0000000009e1a000 	/System/Library/Frameworks/ApplicationServices.framework/Versions/A/Frameworks/PrintCore.framework/Versions/A/PrintCore
0x0000000009e1a000 	/System/Library/Frameworks/ApplicationServices.framework/Versions/A/Frameworks/QD.framework/Versions/A/QD
0x0000000009e1a000 	/System/Library/Frameworks/ApplicationServices.framework/Versions/A/Frameworks/SpeechSynthesis.framework/Versions/A/SpeechSynthesis
0x0000000009e1a000 	/System/Library/Frameworks/Metal.framework/Versions/A/Metal
0x0000000009e1a000 	/System/Library/Frameworks/Accelerate.framework/Versions/A/Frameworks/vImage.framework/Versions/A/vImage
0x0000000009e1a000 	/System/Library/Frameworks/Accelerate.framework/Versions/A/Frameworks/vecLib.framework/Versions/A/vecLib
0x0000000009e1a000 	/System/Library/Frameworks/Accelerate.framework/Versions/A/Frameworks/vecLib.framework/Versions/A/libvDSP.dylib
0x0000000009e1a000 	/System/Library/Frameworks/Accelerate.framework/Versions/A/Frameworks/vecLib.framework/Versions/A/libvMisc.dylib
0x0000000009e1a000 	/System/Library/Frameworks/Accelerate.framework/Versions/A/Frameworks/vecLib.framework/Versions/A/libLAPACK.dylib
0x0000000009e1a000 	/System/Library/Frameworks/Accelerate.framework/Versions/A/Frameworks/vecLib.framework/Versions/A/libBLAS.dylib
0x0000000009e1a000 	/System/Library/Frameworks/Accelerate.framework/Versions/A/Frameworks/vecLib.framework/Versions/A/libLinearAlgebra.dylib
0x0000000009e1a000 	/System/Library/Frameworks/Accelerate.framework/Versions/A/Frameworks/vecLib.framework/Versions/A/libSparseBLAS.dylib
0x0000000009e1a000 	/System/Library/PrivateFrameworks/GPUCompiler.framework/libmetal_timestamp.dylib
0x0000000009e1a000 	/System/Library/Frameworks/OpenGL.framework/Versions/A/Libraries/libCoreFSCache.dylib
0x0000000009e1a000 	/System/Library/PrivateFrameworks/IOAccelerator.framework/Versions/A/IOAccelerator
0x0000000009e1a000 	/System/Library/Frameworks/ApplicationServices.framework/Versions/A/Frameworks/ATS.framework/Versions/A/Resources/libFontParser.dylib
0x0000000009e1a000 	/System/Library/Frameworks/ApplicationServices.framework/Versions/A/Frameworks/ATS.framework/Versions/A/Resources/libFontRegistry.dylib
0x0000000009e1a000 	/System/Library/PrivateFrameworks/AppleVPA.framework/Versions/A/AppleVPA
0x0000000009e1a000 	/System/Library/PrivateFrameworks/AppleJPEG.framework/Versions/A/AppleJPEG
0x0000000009e1a000 	/System/Library/Frameworks/ImageIO.framework/Versions/A/Resources/libJPEG.dylib
0x0000000009e1a000 	/System/Library/Frameworks/ImageIO.framework/Versions/A/Resources/libTIFF.dylib
0x0000000009e1a000 	/System/Library/Frameworks/ImageIO.framework/Versions/A/Resources/libPng.dylib
0x0000000009e1a000 	/System/Library/Frameworks/ImageIO.framework/Versions/A/Resources/libGIF.dylib
0x0000000009e1a000 	/System/Library/Frameworks/ImageIO.framework/Versions/A/Resources/libJP2.dylib
0x0000000009e1a000 	/System/Library/Frameworks/ImageIO.framework/Versions/A/Resources/libRadiance.dylib
0x0000000009e1a000 	/System/Library/Frameworks/CoreVideo.framework/Versions/A/CoreVideo
0x0000000009e1a000 	/System/Library/Frameworks/OpenGL.framework/Versions/A/Libraries/libGLU.dylib
0x0000000009e1a000 	/System/Library/Frameworks/OpenGL.framework/Versions/A/Libraries/libGFXShared.dylib
0x0000000009e1a000 	/System/Library/Frameworks/OpenGL.framework/Versions/A/Libraries/libGL.dylib
0x0000000009e1a000 	/System/Library/Frameworks/OpenGL.framework/Versions/A/Libraries/libGLImage.dylib
0x0000000009e1a000 	/System/Library/Frameworks/OpenGL.framework/Versions/A/Libraries/libCVMSPluginSupport.dylib
0x0000000009e1a000 	/System/Library/Frameworks/OpenGL.framework/Versions/A/Libraries/libCoreVMClient.dylib
0x0000000009e1a000 	/usr/lib/libcups.2.dylib
0x0000000009e1a000 	/System/Library/Frameworks/Kerberos.framework/Versions/A/Kerberos
0x0000000009e1a000 	/System/Library/Frameworks/GSS.framework/Versions/A/GSS
0x0000000009e1a000 	/usr/lib/libresolv.9.dylib
0x0000000009e1a000 	/usr/lib/libiconv.2.dylib
0x0000000009e1a000 	/System/Library/PrivateFrameworks/Heimdal.framework/Versions/A/Heimdal
0x0000000009e1a000 	/usr/lib/libheimdal-asn1.dylib
0x0000000009e1a000 	/System/Library/Frameworks/OpenDirectory.framework/Versions/A/OpenDirectory
0x0000000009e1a000 	/System/Library/PrivateFrameworks/CommonAuth.framework/Versions/A/CommonAuth
0x0000000009e1a000 	/System/Library/Frameworks/OpenDirectory.framework/Versions/A/Frameworks/CFOpenDirectory.framework/Versions/A/CFOpenDirectory
0x0000000009e1a000 	/System/Library/Frameworks/SecurityFoundation.framework/Versions/A/SecurityFoundation
0x0000000009e1a000 	/System/Library/PrivateFrameworks/LanguageModeling.framework/Versions/A/LanguageModeling
0x0000000009e1a000 	/usr/lib/libmarisa.dylib
0x0000000009e1a000 	/usr/lib/libChineseTokenizer.dylib
0x0000000009e1a000 	/usr/lib/libcmph.dylib
0x0000000009e1a000 	/usr/lib/libcompression.dylib
0x0000000009e1a000 	/System/Library/Frameworks/ServiceManagement.framework/Versions/A/ServiceManagement
0x0000000009e1a000 	/usr/lib/libxslt.1.dylib
0x0000000009e1a000 	/System/Library/Frameworks/Carbon.framework/Versions/A/Frameworks/Ink.framework/Versions/A/Ink
0x0000000009e1a000 	/usr/lib/libFosl_dynamic.dylib
0x0000000009e1a000 	/System/Library/PrivateFrameworks/FaceCore.framework/Versions/A/FaceCore
0x0000000009e1a000 	/System/Library/Frameworks/OpenCL.framework/Versions/A/OpenCL
0x0000000009e1a000 	/System/Library/PrivateFrameworks/CrashReporterSupport.framework/Versions/A/CrashReporterSupport
0x0000000009e1a000 	/System/Library/PrivateFrameworks/IconServices.framework/Versions/A/IconServices
0x0000000009e1a000 	/System/Library/PrivateFrameworks/Apple80211.framework/Versions/A/Apple80211
0x0000000009e1a000 	/System/Library/Frameworks/CoreWLAN.framework/Versions/A/CoreWLAN
0x0000000009e1a000 	/System/Library/Frameworks/IOBluetooth.framework/Versions/A/IOBluetooth
0x0000000009e1a000 	/System/Library/PrivateFrameworks/CoreWiFi.framework/Versions/A/CoreWiFi
0x0000000009e1a000 	/System/Library/Frameworks/CoreBluetooth.framework/Versions/A/CoreBluetooth
0x0000000009e1a000 	/System/Library/PrivateFrameworks/ChunkingLibrary.framework/Versions/A/ChunkingLibrary
0x0000000009e1a000 	/System/Library/PrivateFrameworks/DebugSymbols.framework/Versions/A/DebugSymbols
0x0000000009e1a000 	/System/Library/PrivateFrameworks/CoreSymbolication.framework/Versions/A/CoreSymbolication
0x0000000009e1a000 	/System/Library/PrivateFrameworks/Symbolication.framework/Versions/A/Symbolication
0x0000000009e1a000 	/System/Library/PrivateFrameworks/SpeechRecognitionCore.framework/Versions/A/SpeechRecognitionCore
0x000000005123d000 	/System/Library/CoreServices/Encodings/libCyrillicConverter.dylib
0x000000010b573000 	/Library/Java/JavaVirtualMachines/jdk1.8.0_91.jdk/Contents/Home/jre/lib/server/libjvm.dylib
0x0000000009e1a000 	/usr/lib/libstdc++.6.dylib
0x000000010c50b000 	/Library/Java/JavaVirtualMachines/jdk1.8.0_91.jdk/Contents/Home/jre/lib/libverify.dylib
0x000000010c519000 	/Library/Java/JavaVirtualMachines/jdk1.8.0_91.jdk/Contents/Home/jre/lib/libjava.dylib
0x000000010c54f000 	/Library/Java/JavaVirtualMachines/jdk1.8.0_91.jdk/Contents/Home/jre/lib/libjdwp.dylib
0x000000010c59a000 	/Library/Java/JavaVirtualMachines/jdk1.8.0_91.jdk/Contents/Home/jre/lib/libnpt.dylib
0x000000010c5a7000 	/Library/Java/JavaVirtualMachines/jdk1.8.0_91.jdk/Contents/Home/jre/lib/libzip.dylib
0x0000000122713000 	/System/Library/Frameworks/JavaVM.framework/Frameworks/JavaRuntimeSupport.framework/JavaRuntimeSupport
0x000000012272e000 	/System/Library/Frameworks/JavaVM.framework/Versions/A/Frameworks/JavaNativeFoundation.framework/Versions/A/JavaNativeFoundation
0x0000000122743000 	/System/Library/Frameworks/JavaVM.framework/Versions/A/JavaVM
0x0000000009e1a000 	/System/Library/Frameworks/Carbon.framework/Versions/A/Carbon
0x0000000122750000 	/System/Library/PrivateFrameworks/JavaLaunching.framework/Versions/A/JavaLaunching
0x0000000009e1a000 	/System/Library/Frameworks/Carbon.framework/Versions/A/Frameworks/CommonPanels.framework/Versions/A/CommonPanels
0x0000000009e1a000 	/System/Library/Frameworks/Carbon.framework/Versions/A/Frameworks/Help.framework/Versions/A/Help
0x0000000009e1a000 	/System/Library/Frameworks/Carbon.framework/Versions/A/Frameworks/ImageCapture.framework/Versions/A/ImageCapture
0x0000000009e1a000 	/System/Library/Frameworks/Carbon.framework/Versions/A/Frameworks/OpenScripting.framework/Versions/A/OpenScripting
0x0000000009e1a000 	/System/Library/Frameworks/Carbon.framework/Versions/A/Frameworks/Print.framework/Versions/A/Print
0x0000000009e1a000 	/System/Library/Frameworks/Carbon.framework/Versions/A/Frameworks/SecurityHI.framework/Versions/A/SecurityHI
0x0000000124072000 	/Library/Java/JavaVirtualMachines/jdk1.8.0_91.jdk/Contents/Home/jre/lib/libdt_socket.dylib
0x000000012422c000 	/Library/Java/JavaVirtualMachines/jdk1.8.0_91.jdk/Contents/Home/jre/lib/libprism_es2.dylib
0x0000000009e1a000 	/System/Library/Frameworks/OpenGL.framework/Versions/A/Resources/GLEngine.bundle/GLEngine
0x0000000009e1a000 	/System/Library/Frameworks/OpenGL.framework/Versions/A/Libraries/libGLProgrammability.dylib
0x00000001242ae000 	/System/Library/Extensions/AppleIntelBDWGraphicsGLDriver.bundle/Contents/MacOS/AppleIntelBDWGraphicsGLDriver
0x0000000009e1a000 	/System/Library/PrivateFrameworks/GPUSupport.framework/Versions/A/Libraries/libGPUSupportMercury.dylib
0x0000000009e1a000 	/System/Library/Frameworks/OpenGL.framework/Versions/A/Resources/GLRendererFloat.bundle/GLRendererFloat
0x0000000009e1a000 	/System/Library/Frameworks/OpenCL.framework/Versions/A/Libraries/libcldcpuengine.dylib
0x0000000009e1a000 	/System/Library/PrivateFrameworks/DiskImages.framework/Versions/A/DiskImages
0x0000000009e1a000 	/System/Library/Frameworks/DiscRecording.framework/Versions/A/DiscRecording
0x0000000009e1a000 	/usr/lib/libcsfde.dylib
0x0000000009e1a000 	/usr/lib/libcurl.4.dylib
0x0000000009e1a000 	/System/Library/PrivateFrameworks/MediaKit.framework/Versions/A/MediaKit
0x0000000009e1a000 	/System/Library/PrivateFrameworks/ProtectedCloudStorage.framework/Versions/A/ProtectedCloudStorage
0x0000000009e1a000 	/usr/lib/libCoreStorage.dylib
0x0000000009e1a000 	/System/Library/PrivateFrameworks/EFILogin.framework/Versions/A/EFILogin
0x0000000009e1a000 	/usr/lib/libutil.dylib
0x0000000009e1a000 	/System/Library/PrivateFrameworks/FindMyDevice.framework/Versions/A/FindMyDevice
0x0000000009e1a000 	/System/Library/Frameworks/LDAP.framework/Versions/A/LDAP
0x0000000009e1a000 	/usr/lib/libsasl2.2.dylib
0x0000000009e1a000 	/System/Library/PrivateFrameworks/CoreDaemon.framework/Versions/B/CoreDaemon
0x0000000009e1a000 	/usr/lib/libcrypto.0.9.8.dylib
0x0000000009e1a000 	/System/Library/PrivateFrameworks/AppleSRP.framework/Versions/A/AppleSRP
0x0000000009e1a000 	/System/Library/PrivateFrameworks/TrustEvaluationAgent.framework/Versions/A/TrustEvaluationAgent
0x0000000124de7000 	/Library/Java/JavaVirtualMachines/jdk1.8.0_91.jdk/Contents/Home/jre/lib/libglass.dylib
0x0000000009e1a000 	/System/Library/PrivateFrameworks/CoreServicesInternal.framework/Versions/A/CoreServicesInternal
0x0000000009e1a000 	/System/Library/CoreServices/RawCamera.bundle/Contents/MacOS/RawCamera
0x0000000009e1a000 	/System/Library/Frameworks/CoreGraphics.framework/Versions/A/Resources/libRIP.A.dylib
0x0000000009e1a000 	/System/Library/Frameworks/Accelerate.framework/Versions/A/Frameworks/vImage.framework/Versions/A/Libraries/libCGInterfaces.dylib
0x0000000009e1a000 	/System/Library/PrivateFrameworks/FamilyControls.framework/Versions/A/FamilyControls
0x0000000009e1a000 	/System/Library/PrivateFrameworks/CommerceKit.framework/Versions/A/Frameworks/CommerceCore.framework/Versions/A/CommerceCore
0x0000000009e1a000 	/System/Library/PrivateFrameworks/SystemAdministration.framework/Versions/A/SystemAdministration
0x0000000009e1a000 	/System/Library/PrivateFrameworks/AppContainer.framework/Versions/A/AppContainer
0x0000000009e1a000 	/System/Library/PrivateFrameworks/SecCodeWrapper.framework/Versions/A/SecCodeWrapper
0x0000000009e1a000 	/System/Library/Frameworks/DirectoryService.framework/Versions/A/DirectoryService
0x0000000009e1a000 	/System/Library/PrivateFrameworks/LoginUIKit.framework/Versions/A/Frameworks/LoginUICore.framework/Versions/A/LoginUICore
0x0000000009e1a000 	/usr/lib/libodfde.dylib
0x0000000127e9c000 	/Library/Java/JavaVirtualMachines/jdk1.8.0_91.jdk/Contents/Home/jre/lib/libjavafx_font.dylib
0x0000000009e1a000 	/System/Library/Frameworks/CoreGraphics.framework/Versions/A/Resources/libCGXType.A.dylib
0x0000000129383000 	/private/var/folders/g6/1vwbdby55t5d88hbb1mzyhh80000gn/T/usb4java5207997259051014695.tmp/libusb4java.dylib
0x00000001293a4000 	/System/Library/Extensions/IOUSBFamily.kext/Contents/PlugIns/IOUSBLib.bundle/Contents/MacOS/IOUSBLib
0x0000000125bc7000 	cl_kernels
0x0000000009e1a000 	/System/Library/Frameworks/OpenCL.framework/Versions/A/Libraries/ImageFormats/unorm8_bgra.dylib
0x0000000009e1a000 	/System/Library/Frameworks/OpenCL.framework/Versions/A/Libraries/ImageFormats/unorm8_rgba.dylib

VM Arguments:
jvm_args: -agentlib:jdwp=transport=dt_socket,address=127.0.0.1:64642,suspend=y,server=n -Dfile.encoding=UTF-8 
java_command: sample.Main
java_class_path (initial): /Library/Java/JavaVirtualMachines/jdk1.8.0_91.jdk/Contents/Home/jre/lib/charsets.jar:/Library/Java/JavaVirtualMachines/jdk1.8.0_91.jdk/Contents/Home/jre/lib/deploy.jar:/Library/Java/JavaVirtualMachines/jdk1.8.0_91.jdk/Contents/Home/jre/lib/ext/cldrdata.jar:/Library/Java/JavaVirtualMachines/jdk1.8.0_91.jdk/Contents/Home/jre/lib/ext/dnsns.jar:/Library/Java/JavaVirtualMachines/jdk1.8.0_91.jdk/Contents/Home/jre/lib/ext/jaccess.jar:/Library/Java/JavaVirtualMachines/jdk1.8.0_91.jdk/Contents/Home/jre/lib/ext/jfxrt.jar:/Library/Java/JavaVirtualMachines/jdk1.8.0_91.jdk/Contents/Home/jre/lib/ext/localedata.jar:/Library/Java/JavaVirtualMachines/jdk1.8.0_91.jdk/Contents/Home/jre/lib/ext/nashorn.jar:/Library/Java/JavaVirtualMachines/jdk1.8.0_91.jdk/Contents/Home/jre/lib/ext/sunec.jar:/Library/Java/JavaVirtualMachines/jdk1.8.0_91.jdk/Contents/Home/jre/lib/ext/sunjce_provider.jar:/Library/Java/JavaVirtualMachines/jdk1.8.0_91.jdk/Contents/Home/jre/lib/ext/sunpkcs11.jar:/Library/Java/JavaVirtualMachines/jdk1.8.0_91.jdk/Contents/Home/jre/lib/ext/zipfs.jar:/Library/Java/JavaVirtualMachines/jdk1.8.0_91.jdk/Contents/Home/jre/lib/javaws.jar:/Library/Java/JavaVirtualMachines/jdk1.8.0_91.jdk/Contents/Home/jre/lib/jce.jar:/Library/Java/JavaVirtualMachines/jdk1.8.0_91.jdk/Contents/Home/jre/lib/jfr.jar:/Library/Java/JavaVirtualMachines/jdk1.8.0_91.jdk/Contents/Home/jre/lib/jfxswt.jar:/Library/Java/JavaVirtualMachines/jdk1.8.0_91.jdk/Contents/Home/jre/lib/jsse.jar:/Library/Java/JavaVirtualMachines/jdk1.8.0_91.jdk/Contents/Home/jre/lib/management-agent.jar:/Library/Java/JavaVirtualMachines/jdk1.8.0_91.jdk/Contents/Home/jre/lib/plugin.jar:/Library/Java/JavaVirtualMachines/jdk1.8.0_91.jdk/Contents/Home/jre/lib/resources.jar:/Library/Java/JavaVirtualMachines/jdk1.8.0_91.jdk/Contents/Home/jre/lib/rt.jar:/Library/Java/JavaVirtualMachines/jdk1.8.0_91.jdk/Contents/Home/lib/ant-javafx.jar:/Library/Java/JavaVirtualMachines/jdk1.8.0_91.jdk/Contents/Home/lib/dt.jar:/Library/Ja
Launcher Type: SUN_STANDARD

Environment Variables:
PATH=/usr/local/bin:/usr/bin:/bin:/usr/sbin:/sbin
SHELL=/bin/bash

Signal Handlers:
SIGSEGV: [libjvm.dylib+0x5a97a1], sa_mask[0]=11111111011111110111111111111111, sa_flags=SA_ONSTACK|SA_RESTART|SA_SIGINFO
SIGBUS: [libjvm.dylib+0x5a97a1], sa_mask[0]=11111111011111110111111111111111, sa_flags=SA_RESTART|SA_SIGINFO
SIGFPE: [libjvm.dylib+0x482594], sa_mask[0]=11111111011111110111111111111111, sa_flags=SA_RESTART|SA_SIGINFO
SIGPIPE: [libjvm.dylib+0x482594], sa_mask[0]=11111111011111110111111111111111, sa_flags=SA_RESTART|SA_SIGINFO
SIGXFSZ: [libjvm.dylib+0x482594], sa_mask[0]=11111111011111110111111111111111, sa_flags=SA_RESTART|SA_SIGINFO
SIGILL: [libjvm.dylib+0x482594], sa_mask[0]=11111111011111110111111111111111, sa_flags=SA_RESTART|SA_SIGINFO
SIGUSR1: SIG_DFL, sa_mask[0]=00000000000000000000000000000000, sa_flags=none
SIGUSR2: [libjvm.dylib+0x4820b2], sa_mask[0]=00100000000000000000000000000000, sa_flags=SA_RESTART|SA_SIGINFO
SIGHUP: [libjvm.dylib+0x480689], sa_mask[0]=11111111011111110111111111111111, sa_flags=SA_RESTART|SA_SIGINFO
SIGINT: [libjvm.dylib+0x480689], sa_mask[0]=11111111011111110111111111111111, sa_flags=SA_RESTART|SA_SIGINFO
SIGTERM: [libjvm.dylib+0x480689], sa_mask[0]=11111111011111110111111111111111, sa_flags=SA_RESTART|SA_SIGINFO
SIGQUIT: [libjvm.dylib+0x480689], sa_mask[0]=11111111011111110111111111111111, sa_flags=SA_RESTART|SA_SIGINFO


---------------  S Y S T E M  ---------------

OS:Bsduname:Darwin 15.4.0 Darwin Kernel Version 15.4.0: Fri Feb 26 22:08:05 PST 2016; root:xnu-3248.40.184~3/RELEASE_X86_64 x86_64
rlimit: STACK 8192k, CORE 0k, NPROC 709, NOFILE 10240, AS infinity
load average:2.66 2.42 2.24

CPU:total 4 (2 cores per cpu, 2 threads per core) family 6 model 61 stepping 4, cmov, cx8, fxsr, mmx, sse, sse2, sse3, ssse3, sse4.1, sse4.2, popcnt, avx, avx2, aes, clmul, erms, 3dnowpref, lzcnt, ht, tsc, tscinvbit, bmi1, bmi2, adx

Memory: 4k page, physical 8388608k(593504k free)

/proc/meminfo:


vm_info: Java HotSpot(TM) 64-Bit Server VM (25.91-b14) for bsd-amd64 JRE (1.8.0_91-b14), built on Apr  1 2016 01:03:00 by "java_re" with gcc 4.2.1 (Based on Apple Inc. build 5658) (LLVM build 2336.11.00)

time: Tue May  3 17:17:26 2016
elapsed time: 2 seconds (0d 0h 0m 2s)

